build/app/intermediates/manifest_merge_blame_file/release/processReleaseMainManifest/manifest-merger-blame-release-report.txt
1<?xml version="1.0" encoding="utf-8"?>
2<manifest xmlns:android="http://schemas.android.com/apk/res/android"
3    package="com.aham.app"
4    android:versionCode="1"
5    android:versionName="1.0.0" >
6
7    <uses-sdk
8        android:minSdkVersion="21"
9        android:targetSdkVersion="34" />
10    <!-- Internet permissions required for PrakashTV live streaming -->
11    <uses-permission android:name="android.permission.INTERNET" />
11-->src/main/AndroidManifest.xml:3:5-67
11-->src/main/AndroidManifest.xml:3:22-64
12    <uses-permission android:name="android.permission.ACCESS_NETWORK_STATE" />
12-->src/main/AndroidManifest.xml:4:5-79
12-->src/main/AndroidManifest.xml:4:22-76
13
14    <!-- Voice Permissions -->
15    <uses-permission android:name="android.permission.RECORD_AUDIO" />
15-->src/main/AndroidManifest.xml:7:5-71
15-->src/main/AndroidManifest.xml:7:22-68
16
17    <!-- Storage Permissions for saving images and files -->
18    <uses-permission android:name="android.permission.WRITE_EXTERNAL_STORAGE" />
18-->src/main/AndroidManifest.xml:10:5-81
18-->src/main/AndroidManifest.xml:10:22-78
19    <uses-permission
19-->src/main/AndroidManifest.xml:11:5-80
20        android:name="android.permission.READ_EXTERNAL_STORAGE"
20-->src/main/AndroidManifest.xml:11:22-77
21        android:maxSdkVersion="32" />
21-->[:file_picker] AndroidManifest.xml:9:9-35
22    <uses-permission android:name="android.permission.MANAGE_EXTERNAL_STORAGE" />
22-->src/main/AndroidManifest.xml:12:5-82
22-->src/main/AndroidManifest.xml:12:22-79
23
24    <!-- Communication Permissions -->
25    <uses-permission android:name="android.permission.SEND_SMS" />
25-->src/main/AndroidManifest.xml:15:5-67
25-->src/main/AndroidManifest.xml:15:22-64
26    <uses-permission android:name="android.permission.CALL_PHONE" />
26-->src/main/AndroidManifest.xml:16:5-69
26-->src/main/AndroidManifest.xml:16:22-66
27
28    <!-- Notification Permissions -->
29    <uses-permission android:name="android.permission.POST_NOTIFICATIONS" />
29-->src/main/AndroidManifest.xml:19:5-77
29-->src/main/AndroidManifest.xml:19:22-74
30    <uses-permission android:name="android.permission.WAKE_LOCK" />
30-->src/main/AndroidManifest.xml:20:5-68
30-->src/main/AndroidManifest.xml:20:22-65
31    <uses-permission android:name="android.permission.RECEIVE_BOOT_COMPLETED" />
31-->src/main/AndroidManifest.xml:21:5-81
31-->src/main/AndroidManifest.xml:21:22-78
32    <uses-permission android:name="android.permission.FOREGROUND_SERVICE" />
32-->src/main/AndroidManifest.xml:22:5-77
32-->src/main/AndroidManifest.xml:22:22-74
33    <!--
34         Required to query activities that can process text, see:
35         https://developer.android.com/training/package-visibility and
36         https://developer.android.com/reference/android/content/Intent#ACTION_PROCESS_TEXT.
37
38         In particular, this is used by the Flutter engine in io.flutter.plugin.text.ProcessTextPlugin.
39    -->
40    <queries>
40-->src/main/AndroidManifest.xml:85:5-90:15
41        <intent>
41-->src/main/AndroidManifest.xml:86:9-89:18
42            <action android:name="android.intent.action.PROCESS_TEXT" />
42-->src/main/AndroidManifest.xml:87:13-72
42-->src/main/AndroidManifest.xml:87:21-70
43
44            <data android:mimeType="text/plain" />
44-->src/main/AndroidManifest.xml:88:13-50
44-->src/main/AndroidManifest.xml:88:19-48
45        </intent>
46        <intent>
46-->[:file_picker] AndroidManifest.xml:12:9-16:18
47            <action android:name="android.intent.action.GET_CONTENT" />
47-->[:file_picker] AndroidManifest.xml:13:13-72
47-->[:file_picker] AndroidManifest.xml:13:21-69
48
49            <data android:mimeType="*/*" />
49-->src/main/AndroidManifest.xml:88:13-50
49-->src/main/AndroidManifest.xml:88:19-48
50        </intent>
51    </queries>
52
53    <permission
53-->[androidx.core:core:1.13.1] AndroidManifest.xml:22:5-24:47
54        android:name="com.aham.app.DYNAMIC_RECEIVER_NOT_EXPORTED_PERMISSION"
54-->[androidx.core:core:1.13.1] AndroidManifest.xml:23:9-81
55        android:protectionLevel="signature" />
55-->[androidx.core:core:1.13.1] AndroidManifest.xml:24:9-44
56
57    <uses-permission android:name="com.aham.app.DYNAMIC_RECEIVER_NOT_EXPORTED_PERMISSION" />
57-->[androidx.core:core:1.13.1] AndroidManifest.xml:26:5-97
57-->[androidx.core:core:1.13.1] AndroidManifest.xml:26:22-94
58
59    <application
60        android:name="android.app.Application"
60-->src/main/AndroidManifest.xml:26:9-42
61        android:appComponentFactory="androidx.core.app.CoreComponentFactory"
61-->[androidx.core:core:1.13.1] AndroidManifest.xml:28:18-86
62        android:extractNativeLibs="true"
63        android:icon="@mipmap/ic_launcher"
63-->src/main/AndroidManifest.xml:27:9-43
64        android:label="AhamAI" >
64-->src/main/AndroidManifest.xml:25:9-31
65        <activity
65-->src/main/AndroidManifest.xml:28:9-55:20
66            android:name="com.aham.app.MainActivity"
66-->src/main/AndroidManifest.xml:29:13-41
67            android:configChanges="orientation|keyboardHidden|keyboard|screenSize|smallestScreenSize|locale|layoutDirection|fontScale|screenLayout|density|uiMode"
67-->src/main/AndroidManifest.xml:34:13-163
68            android:exported="true"
68-->src/main/AndroidManifest.xml:30:13-36
69            android:hardwareAccelerated="true"
69-->src/main/AndroidManifest.xml:35:13-47
70            android:launchMode="singleTop"
70-->src/main/AndroidManifest.xml:31:13-43
71            android:taskAffinity=""
71-->src/main/AndroidManifest.xml:32:13-36
72            android:theme="@style/LaunchTheme"
72-->src/main/AndroidManifest.xml:33:13-47
73            android:windowSoftInputMode="adjustResize" >
73-->src/main/AndroidManifest.xml:36:13-55
74
75            <!--
76                 Specifies an Android theme to apply to this Activity as soon as
77                 the Android process has started. This theme is visible to the user
78                 while the Flutter UI initializes. After that, this theme continues
79                 to determine the Window background behind the Flutter UI.
80            -->
81            <meta-data
81-->src/main/AndroidManifest.xml:41:13-44:17
82                android:name="io.flutter.embedding.android.NormalTheme"
82-->src/main/AndroidManifest.xml:42:15-70
83                android:resource="@style/NormalTheme" />
83-->src/main/AndroidManifest.xml:43:15-52
84
85            <intent-filter>
85-->src/main/AndroidManifest.xml:45:13-48:29
86                <action android:name="android.intent.action.MAIN" />
86-->src/main/AndroidManifest.xml:46:17-68
86-->src/main/AndroidManifest.xml:46:25-66
87
88                <category android:name="android.intent.category.LAUNCHER" />
88-->src/main/AndroidManifest.xml:47:17-76
88-->src/main/AndroidManifest.xml:47:27-74
89            </intent-filter>
90            <!-- Intent filter for text sharing -->
91            <intent-filter>
91-->src/main/AndroidManifest.xml:50:13-54:29
92                <action android:name="android.intent.action.SEND" />
92-->src/main/AndroidManifest.xml:51:17-69
92-->src/main/AndroidManifest.xml:51:25-66
93
94                <category android:name="android.intent.category.DEFAULT" />
94-->src/main/AndroidManifest.xml:52:17-76
94-->src/main/AndroidManifest.xml:52:27-73
95
96                <data android:mimeType="text/plain" />
96-->src/main/AndroidManifest.xml:88:13-50
96-->src/main/AndroidManifest.xml:88:19-48
97            </intent-filter>
98        </activity>
99
100        <!-- Background Processing Service -->
101        <service
101-->src/main/AndroidManifest.xml:58:9-62:56
102            android:name="com.aham.app.BackgroundProcessingService"
102-->src/main/AndroidManifest.xml:59:13-56
103            android:enabled="true"
103-->src/main/AndroidManifest.xml:60:13-35
104            android:exported="false"
104-->src/main/AndroidManifest.xml:61:13-37
105            android:foregroundServiceType="dataSync" />
105-->src/main/AndroidManifest.xml:62:13-53
106
107        <!--
108             Don't delete the meta-data below.
109             This is used by the Flutter tool to generate GeneratedPluginRegistrant.java
110        -->
111        <meta-data
111-->src/main/AndroidManifest.xml:66:9-68:33
112            android:name="flutterEmbedding"
112-->src/main/AndroidManifest.xml:67:13-44
113            android:value="2" />
113-->src/main/AndroidManifest.xml:68:13-30
114
115        <!-- AhamAI Widget -->
116        <receiver
116-->src/main/AndroidManifest.xml:71:9-78:20
117            android:name="com.aham.app.AhamAIWidget"
117-->src/main/AndroidManifest.xml:71:19-47
118            android:exported="true" >
118-->src/main/AndroidManifest.xml:72:13-36
119            <intent-filter>
119-->src/main/AndroidManifest.xml:73:13-75:29
120                <action android:name="android.appwidget.action.APPWIDGET_UPDATE" />
120-->src/main/AndroidManifest.xml:74:17-84
120-->src/main/AndroidManifest.xml:74:25-81
121            </intent-filter>
122
123            <meta-data
123-->src/main/AndroidManifest.xml:76:13-77:62
124                android:name="android.appwidget.provider"
124-->src/main/AndroidManifest.xml:76:24-65
125                android:resource="@xml/ahamai_widget_info" />
125-->src/main/AndroidManifest.xml:77:17-59
126        </receiver>
127
128        <provider
128-->[:image_picker_android] AndroidManifest.xml:9:9-17:20
129            android:name="io.flutter.plugins.imagepicker.ImagePickerFileProvider"
129-->[:image_picker_android] AndroidManifest.xml:10:13-82
130            android:authorities="com.aham.app.flutter.image_provider"
130-->[:image_picker_android] AndroidManifest.xml:11:13-74
131            android:exported="false"
131-->[:image_picker_android] AndroidManifest.xml:12:13-37
132            android:grantUriPermissions="true" >
132-->[:image_picker_android] AndroidManifest.xml:13:13-47
133            <meta-data
133-->[:image_picker_android] AndroidManifest.xml:14:13-16:75
134                android:name="android.support.FILE_PROVIDER_PATHS"
134-->[:image_picker_android] AndroidManifest.xml:15:17-67
135                android:resource="@xml/flutter_image_picker_file_paths" />
135-->[:image_picker_android] AndroidManifest.xml:16:17-72
136        </provider> <!-- Trigger Google Play services to install the backported photo picker module. -->
137        <service
137-->[:image_picker_android] AndroidManifest.xml:19:9-31:19
138            android:name="com.google.android.gms.metadata.ModuleDependencies"
138-->[:image_picker_android] AndroidManifest.xml:20:13-78
139            android:enabled="false"
139-->[:image_picker_android] AndroidManifest.xml:21:13-36
140            android:exported="false" >
140-->[:image_picker_android] AndroidManifest.xml:22:13-37
141            <intent-filter>
141-->[:image_picker_android] AndroidManifest.xml:24:13-26:29
142                <action android:name="com.google.android.gms.metadata.MODULE_DEPENDENCIES" />
142-->[:image_picker_android] AndroidManifest.xml:25:17-94
142-->[:image_picker_android] AndroidManifest.xml:25:25-91
143            </intent-filter>
144
145            <meta-data
145-->[:image_picker_android] AndroidManifest.xml:28:13-30:36
146                android:name="photopicker_activity:0:required"
146-->[:image_picker_android] AndroidManifest.xml:29:17-63
147                android:value="" />
147-->[:image_picker_android] AndroidManifest.xml:30:17-33
148        </service>
149        <!--
150           Declares a provider which allows us to store files to share in
151           '.../caches/share_plus' and grant the receiving action access
152        -->
153        <provider
153-->[:share_plus] AndroidManifest.xml:13:9-21:20
154            android:name="dev.fluttercommunity.plus.share.ShareFileProvider"
154-->[:share_plus] AndroidManifest.xml:14:13-77
155            android:authorities="com.aham.app.flutter.share_provider"
155-->[:share_plus] AndroidManifest.xml:15:13-74
156            android:exported="false"
156-->[:share_plus] AndroidManifest.xml:16:13-37
157            android:grantUriPermissions="true" >
157-->[:share_plus] AndroidManifest.xml:17:13-47
158            <meta-data
158-->[:image_picker_android] AndroidManifest.xml:14:13-16:75
159                android:name="android.support.FILE_PROVIDER_PATHS"
159-->[:image_picker_android] AndroidManifest.xml:15:17-67
160                android:resource="@xml/flutter_share_file_paths" />
160-->[:image_picker_android] AndroidManifest.xml:16:17-72
161        </provider>
162        <!--
163           This manifest declared broadcast receiver allows us to use an explicit
164           Intent when creating a PendingItent to be informed of the user's choice
165        -->
166        <receiver
166-->[:share_plus] AndroidManifest.xml:26:9-32:20
167            android:name="dev.fluttercommunity.plus.share.SharePlusPendingIntent"
167-->[:share_plus] AndroidManifest.xml:27:13-82
168            android:exported="false" >
168-->[:share_plus] AndroidManifest.xml:28:13-37
169            <intent-filter>
169-->[:share_plus] AndroidManifest.xml:29:13-31:29
170                <action android:name="EXTRA_CHOSEN_COMPONENT" />
170-->[:share_plus] AndroidManifest.xml:30:17-65
170-->[:share_plus] AndroidManifest.xml:30:25-62
171            </intent-filter>
172        </receiver>
173
174        <activity
174-->[:url_launcher_android] AndroidManifest.xml:8:9-11:74
175            android:name="io.flutter.plugins.urllauncher.WebViewActivity"
175-->[:url_launcher_android] AndroidManifest.xml:9:13-74
176            android:exported="false"
176-->[:url_launcher_android] AndroidManifest.xml:10:13-37
177            android:theme="@android:style/Theme.NoTitleBar.Fullscreen" />
177-->[:url_launcher_android] AndroidManifest.xml:11:13-71
178
179        <uses-library
179-->[androidx.window:window:1.2.0] AndroidManifest.xml:23:9-25:40
180            android:name="androidx.window.extensions"
180-->[androidx.window:window:1.2.0] AndroidManifest.xml:24:13-54
181            android:required="false" />
181-->[androidx.window:window:1.2.0] AndroidManifest.xml:25:13-37
182        <uses-library
182-->[androidx.window:window:1.2.0] AndroidManifest.xml:26:9-28:40
183            android:name="androidx.window.sidecar"
183-->[androidx.window:window:1.2.0] AndroidManifest.xml:27:13-51
184            android:required="false" />
184-->[androidx.window:window:1.2.0] AndroidManifest.xml:28:13-37
185
186        <provider
186-->[androidx.lifecycle:lifecycle-process:2.7.0] AndroidManifest.xml:24:9-32:20
187            android:name="androidx.startup.InitializationProvider"
187-->[androidx.lifecycle:lifecycle-process:2.7.0] AndroidManifest.xml:25:13-67
188            android:authorities="com.aham.app.androidx-startup"
188-->[androidx.lifecycle:lifecycle-process:2.7.0] AndroidManifest.xml:26:13-68
189            android:exported="false" >
189-->[androidx.lifecycle:lifecycle-process:2.7.0] AndroidManifest.xml:27:13-37
190            <meta-data
190-->[androidx.lifecycle:lifecycle-process:2.7.0] AndroidManifest.xml:29:13-31:52
191                android:name="androidx.lifecycle.ProcessLifecycleInitializer"
191-->[androidx.lifecycle:lifecycle-process:2.7.0] AndroidManifest.xml:30:17-78
192                android:value="androidx.startup" />
192-->[androidx.lifecycle:lifecycle-process:2.7.0] AndroidManifest.xml:31:17-49
193            <meta-data
193-->[androidx.profileinstaller:profileinstaller:1.3.1] AndroidManifest.xml:29:13-31:52
194                android:name="androidx.profileinstaller.ProfileInstallerInitializer"
194-->[androidx.profileinstaller:profileinstaller:1.3.1] AndroidManifest.xml:30:17-85
195                android:value="androidx.startup" />
195-->[androidx.profileinstaller:profileinstaller:1.3.1] AndroidManifest.xml:31:17-49
196        </provider>
197
198        <receiver
198-->[androidx.profileinstaller:profileinstaller:1.3.1] AndroidManifest.xml:34:9-52:20
199            android:name="androidx.profileinstaller.ProfileInstallReceiver"
199-->[androidx.profileinstaller:profileinstaller:1.3.1] AndroidManifest.xml:35:13-76
200            android:directBootAware="false"
200-->[androidx.profileinstaller:profileinstaller:1.3.1] AndroidManifest.xml:36:13-44
201            android:enabled="true"
201-->[androidx.profileinstaller:profileinstaller:1.3.1] AndroidManifest.xml:37:13-35
202            android:exported="true"
202-->[androidx.profileinstaller:profileinstaller:1.3.1] AndroidManifest.xml:38:13-36
203            android:permission="android.permission.DUMP" >
203-->[androidx.profileinstaller:profileinstaller:1.3.1] AndroidManifest.xml:39:13-57
204            <intent-filter>
204-->[androidx.profileinstaller:profileinstaller:1.3.1] AndroidManifest.xml:40:13-42:29
205                <action android:name="androidx.profileinstaller.action.INSTALL_PROFILE" />
205-->[androidx.profileinstaller:profileinstaller:1.3.1] AndroidManifest.xml:41:17-91
205-->[androidx.profileinstaller:profileinstaller:1.3.1] AndroidManifest.xml:41:25-88
206            </intent-filter>
207            <intent-filter>
207-->[androidx.profileinstaller:profileinstaller:1.3.1] AndroidManifest.xml:43:13-45:29
208                <action android:name="androidx.profileinstaller.action.SKIP_FILE" />
208-->[androidx.profileinstaller:profileinstaller:1.3.1] AndroidManifest.xml:44:17-85
208-->[androidx.profileinstaller:profileinstaller:1.3.1] AndroidManifest.xml:44:25-82
209            </intent-filter>
210            <intent-filter>
210-->[androidx.profileinstaller:profileinstaller:1.3.1] AndroidManifest.xml:46:13-48:29
211                <action android:name="androidx.profileinstaller.action.SAVE_PROFILE" />
211-->[androidx.profileinstaller:profileinstaller:1.3.1] AndroidManifest.xml:47:17-88
211-->[androidx.profileinstaller:profileinstaller:1.3.1] AndroidManifest.xml:47:25-85
212            </intent-filter>
213            <intent-filter>
213-->[androidx.profileinstaller:profileinstaller:1.3.1] AndroidManifest.xml:49:13-51:29
214                <action android:name="androidx.profileinstaller.action.BENCHMARK_OPERATION" />
214-->[androidx.profileinstaller:profileinstaller:1.3.1] AndroidManifest.xml:50:17-95
214-->[androidx.profileinstaller:profileinstaller:1.3.1] AndroidManifest.xml:50:25-92
215            </intent-filter>
216        </receiver>
217    </application>
218
219</manifest>